<?xml version="1.0" encoding="UTF-8"?>
<!-- Generated by org.testng.reporters.JUnitReportReporter -->
<testsuite hostname="LAPTOP-5CVCD5UV" failures="0" tests="3" name="PracticePackage.RegionalRegression" time="0.010" errors="0" timestamp="2022-09-21T13:33:48 IST" skipped="0">
  <testcase classname="PracticePackage.RegionalRegression" name="sampletest1" time="0.008"/>
  <system-out/>
  <testcase classname="PracticePackage.RegionalRegression" name="sampletest3" time="0.001"/>
  <system-out/>
  <testcase classname="PracticePackage.RegionalRegression" name="sampletest4" time="0.001"/>
  <system-out/>
</testsuite> <!-- PracticePackage.RegionalRegression -->
