<?xml version="1.0" encoding="UTF-8"?>
<!-- Generated by org.testng.reporters.JUnitReportReporter -->
<testsuite hostname="LAPTOP-5CVCD5UV" failures="0" tests="5" name="PracticePackage.DataProviderTest" time="0.013" errors="0" timestamp="2022-09-20T11:21:52 IST" skipped="0">
  <testcase classname="PracticePackage.DataProviderTest" name="bookTicket" time="0.002"/>
  <system-out/>
  <testcase classname="PracticePackage.DataProviderTest" name="bookTicket" time="0.001"/>
  <system-out/>
  <testcase classname="PracticePackage.DataProviderTest" name="bookTicket" time="0.001"/>
  <system-out/>
  <testcase classname="PracticePackage.DataProviderTest" name="bookTicket" time="0.001"/>
  <system-out/>
  <testcase classname="PracticePackage.DataProviderTest" name="bookTicket" time="0.008"/>
  <system-out/>
</testsuite> <!-- PracticePackage.DataProviderTest -->
