<?xml version="1.0" encoding="UTF-8"?>
<!-- Generated by org.testng.reporters.JUnitReportReporter -->
<testsuite hostname="LAPTOP-5CVCD5UV" failures="0" tests="3" name="PracticePackage.DataProviderPractice" time="0.009" errors="0" timestamp="2022-09-23T15:48:43 IST" skipped="0">
  <testcase classname="PracticePackage.DataProviderPractice" name="travelling" time="0.001"/>
  <system-out/>
  <testcase classname="PracticePackage.DataProviderPractice" name="travelling" time="0.007"/>
  <system-out/>
  <testcase classname="PracticePackage.DataProviderPractice" name="travelling" time="0.001"/>
  <system-out/>
</testsuite> <!-- PracticePackage.DataProviderPractice -->
