<?xml version="1.0" encoding="UTF-8"?>
<!-- Generated by org.testng.reporters.JUnitReportReporter -->
<testsuite hostname="LAPTOP-5CVCD5UV" failures="0" tests="3" name="PracticePackage.TestNG_Practise" time="0.012" errors="0" timestamp="2022-09-19T15:50:42 IST" skipped="1">
  <testcase classname="PracticePackage.TestNG_Practise" name="M1" time="0.010"/>
  <system-out/>
  <testcase classname="PracticePackage.TestNG_Practise" name="M3" time="0.002"/>
  <system-out/>
  <testcase classname="PracticePackage.TestNG_Practise" name="M2">
    <skipped/>
  </testcase> <!-- M2 -->
  <system-out/>
</testsuite> <!-- PracticePackage.TestNG_Practise -->
