<?xml version="1.0" encoding="UTF-8"?>
<!-- Generated by org.testng.reporters.JUnitReportReporter -->
<testsuite hostname="LAPTOP-5CVCD5UV" failures="0" tests="5" name="PracticePackage.ReadMultipleDataTest" time="0.012" errors="0" timestamp="2022-09-23T17:20:32 IST" skipped="0">
  <testcase classname="PracticePackage.ReadMultipleDataTest" name="hotelMenu" time="0.006"/>
  <system-out/>
  <testcase classname="PracticePackage.ReadMultipleDataTest" name="hotelMenu" time="0.000"/>
  <system-out/>
  <testcase classname="PracticePackage.ReadMultipleDataTest" name="hotelMenu" time="0.003"/>
  <system-out/>
  <testcase classname="PracticePackage.ReadMultipleDataTest" name="hotelMenu" time="0.002"/>
  <system-out/>
  <testcase classname="PracticePackage.ReadMultipleDataTest" name="hotelMenu" time="0.001"/>
  <system-out/>
</testsuite> <!-- PracticePackage.ReadMultipleDataTest -->
